2018-09-14 13:44:33 [AWT-EventQueue-0] com.future.commons.DbFuncs.getContractdata()
ERROR: org.h2.jdbc.JdbcSQLException: Table "L_MASTER_CONTRACTS" not found; SQL statement:
SELECT * FROM L_MASTER_CONTRACTS WHERE SECID='42937'; [42102-196]
	at org.h2.engine.SessionRemote.done(SessionRemote.java:629)
	at org.h2.command.CommandRemote.prepare(CommandRemote.java:83)
	at org.h2.command.CommandRemote.<init>(CommandRemote.java:49)
	at org.h2.engine.SessionRemote.prepareCommand(SessionRemote.java:499)
	at org.h2.jdbc.JdbcConnection.prepareCommand(JdbcConnection.java:1204)
	at org.h2.jdbc.JdbcStatement.executeInternal(JdbcStatement.java:176)
	at org.h2.jdbc.JdbcStatement.execute(JdbcStatement.java:164)
	at com.future.commons.DbFuncs.getContractdata(DbFuncs.java:307)
	at com.future.commons.DbFuncs.loadCentralizedHeaddate(DbFuncs.java:292)
	at com.future.ui.HeadManager.<init>(HeadManager.java:58)
	at com.future.ui.HeadManager$1.run(HeadManager.java:42)
	at java.awt.event.InvocationEvent.dispatch(Unknown Source)
	at java.awt.EventQueue.dispatchEventImpl(Unknown Source)
	at java.awt.EventQueue.access$500(Unknown Source)
	at java.awt.EventQueue$3.run(Unknown Source)
	at java.awt.EventQueue$3.run(Unknown Source)
	at java.security.AccessController.doPrivileged(Native Method)
	at java.security.ProtectionDomain$JavaSecurityAccessImpl.doIntersectionPrivilege(Unknown Source)
	at java.awt.EventQueue.dispatchEvent(Unknown Source)
	at java.awt.EventDispatchThread.pumpOneEventForFilters(Unknown Source)
	at java.awt.EventDispatchThread.pumpEventsForFilter(Unknown Source)
	at java.awt.EventDispatchThread.pumpEventsForHierarchy(Unknown Source)
	at java.awt.EventDispatchThread.pumpEvents(Unknown Source)
	at java.awt.EventDispatchThread.pumpEvents(Unknown Source)
	at java.awt.EventDispatchThread.run(Unknown Source)
